c:\users\dylmr\documents\onlinetech-project\game\game\debug\vc141.pdb
c:\users\dylmr\documents\onlinetech-project\game\game\debug\vc141.idb
c:\users\dylmr\documents\onlinetech-project\game\game\debug\main.obj
c:\users\dylmr\documents\onlinetech-project\game\game\debug\client.obj
c:\users\dylmr\documents\onlinetech-project\game\game\debug\game.obj
c:\users\dylmr\documents\onlinetech-project\game\game\debug\scoresystem.obj
c:\users\dylmr\documents\onlinetech-project\game\game\debug\rendersystem.obj
c:\users\dylmr\documents\onlinetech-project\game\game\debug\movementsystem.obj
c:\users\dylmr\documents\onlinetech-project\game\game\debug\healthsystem.obj
c:\users\dylmr\documents\onlinetech-project\game\game\debug\collisiondetection.obj
c:\users\dylmr\documents\onlinetech-project\game\debug\game.pdb
c:\users\dylmr\documents\onlinetech-project\game\game\debug\game.tlog\cl.command.1.tlog
c:\users\dylmr\documents\onlinetech-project\game\game\debug\game.tlog\cl.read.1.tlog
c:\users\dylmr\documents\onlinetech-project\game\game\debug\game.tlog\cl.write.1.tlog
c:\users\dylmr\documents\onlinetech-project\game\game\debug\game.tlog\link-cvtres.read.1.tlog
c:\users\dylmr\documents\onlinetech-project\game\game\debug\game.tlog\link-cvtres.write.1.tlog
c:\users\dylmr\documents\onlinetech-project\game\game\debug\game.tlog\link-rc.read.1.tlog
c:\users\dylmr\documents\onlinetech-project\game\game\debug\game.tlog\link-rc.write.1.tlog
c:\users\dylmr\documents\onlinetech-project\game\game\debug\game.tlog\link.11880-cvtres.read.1.tlog
c:\users\dylmr\documents\onlinetech-project\game\game\debug\game.tlog\link.11880-cvtres.write.1.tlog
c:\users\dylmr\documents\onlinetech-project\game\game\debug\game.tlog\link.11880-rc.read.1.tlog
c:\users\dylmr\documents\onlinetech-project\game\game\debug\game.tlog\link.11880-rc.write.1.tlog
c:\users\dylmr\documents\onlinetech-project\game\game\debug\game.tlog\link.11880.read.1.tlog
c:\users\dylmr\documents\onlinetech-project\game\game\debug\game.tlog\link.11880.write.1.tlog
c:\users\dylmr\documents\onlinetech-project\game\game\debug\game.tlog\link.command.1.tlog
c:\users\dylmr\documents\onlinetech-project\game\game\debug\game.tlog\link.read.1.tlog
c:\users\dylmr\documents\onlinetech-project\game\game\debug\game.tlog\link.write.1.tlog
